<?xml version="1.0" encoding="UTF-8" ?>
<testsuite tests="5" failures="5" name="com.vishalkaushik.epamtask8.RemoveATest" time="0.002" errors="0" skipped="0">
  <properties>
    <property name="java.runtime.name" value="Java(TM) SE Runtime Environment"/>
    <property name="sun.boot.library.path" value="C:\Program Files\java\jdk1.8.0_211\jre\bin"/>
    <property name="java.vm.version" value="25.211-b12"/>
    <property name="java.vm.vendor" value="Oracle Corporation"/>
    <property name="maven.multiModuleProjectDirectory" value="C:\Users\HP\Documents\NetBeansProjects\EpamTask8"/>
    <property name="java.vendor.url" value="http://java.oracle.com/"/>
    <property name="path.separator" value=";"/>
    <property name="guice.disable.misplaced.annotation.check" value="true"/>
    <property name="java.vm.name" value="Java HotSpot(TM) 64-Bit Server VM"/>
    <property name="file.encoding.pkg" value="sun.io"/>
    <property name="user.script" value=""/>
    <property name="user.country" value="IN"/>
    <property name="sun.java.launcher" value="SUN_STANDARD"/>
    <property name="sun.os.patch.level" value=""/>
    <property name="test" value="com.vishalkaushik.epamtask8.RemoveATest"/>
    <property name="java.vm.specification.name" value="Java Virtual Machine Specification"/>
    <property name="user.dir" value="C:\Users\HP\Documents\NetBeansProjects\EpamTask8"/>
    <property name="java.runtime.version" value="1.8.0_211-b12"/>
    <property name="java.awt.graphicsenv" value="sun.awt.Win32GraphicsEnvironment"/>
    <property name="java.endorsed.dirs" value="C:\Program Files\java\jdk1.8.0_211\jre\lib\endorsed"/>
    <property name="os.arch" value="amd64"/>
    <property name="java.io.tmpdir" value="C:\Users\HP\AppData\Local\Temp\"/>
    <property name="line.separator" value="
"/>
    <property name="java.vm.specification.vendor" value="Oracle Corporation"/>
    <property name="user.variant" value=""/>
    <property name="os.name" value="Windows 10"/>
    <property name="maven.ext.class.path" value="C:\Program Files\NetBeans 8.2\java\maven-nblib\netbeans-eventspy.jar"/>
    <property name="classworlds.conf" value="C:\Program Files\apache-maven-3.6.3\bin\..\bin\m2.conf"/>
    <property name="sun.jnu.encoding" value="Cp1252"/>
    <property name="java.library.path" value="C:\Program Files\java\jdk1.8.0_211\bin;C:\windows\Sun\Java\bin;C:\windows\system32;C:\windows;C:\oraclexe\app\oracle\product\11.2.0\server\bin;C:\Program Files (x86)\Common Files\Oracle\Java\javapath;C:\windows\system32;C:\windows;C:\windows\System32\Wbem;C:\windows\System32\WindowsPowerShell\v1.0\;C:\windows\System32\OpenSSH\;C:\Program Files\java\jdk1.8.0_211\bin;C:\Program Files\java\jre1.8.0_211\bin;C:\Program Files\MATLAB\R2007b\bin;C:\Program Files\MATLAB\R2007b\bin\win64;C:\Program Files\Git\cmd;C:\Program Files\Git\mingw64\bin;C:\Program Files\Git\usr\bin;C:\Program Files\apache-maven-3.6.3\bin;C:\Users\HP\AppData\Local\Programs\Python\Python37-32\Scripts\;C:\Users\HP\AppData\Local\Programs\Python\Python37-32\;C:\Users\HP\AppData\Local\Microsoft\WindowsApps;;."/>
    <property name="maven.conf" value="C:\Program Files\apache-maven-3.6.3\bin\../conf"/>
    <property name="java.specification.name" value="Java Platform API Specification"/>
    <property name="java.class.version" value="52.0"/>
    <property name="sun.management.compiler" value="HotSpot 64-Bit Tiered Compilers"/>
    <property name="os.version" value="10.0"/>
    <property name="library.jansi.path" value="C:\Program Files\apache-maven-3.6.3\bin\..\lib\jansi-native"/>
    <property name="user.home" value="C:\Users\HP"/>
    <property name="user.timezone" value="Asia/Calcutta"/>
    <property name="java.awt.printerjob" value="sun.awt.windows.WPrinterJob"/>
    <property name="java.specification.version" value="1.8"/>
    <property name="file.encoding" value="UTF-8"/>
    <property name="user.name" value="HP"/>
    <property name="java.class.path" value="C:\Program Files\apache-maven-3.6.3\bin\..\boot\plexus-classworlds-2.6.0.jar"/>
    <property name="java.vm.specification.version" value="1.8"/>
    <property name="sun.arch.data.model" value="64"/>
    <property name="java.home" value="C:\Program Files\java\jdk1.8.0_211\jre"/>
    <property name="sun.java.command" value="org.codehaus.plexus.classworlds.launcher.Launcher -Dtest=com.vishalkaushik.epamtask8.RemoveATest -Dmaven.ext.class.path=C:\Program Files\NetBeans 8.2\java\maven-nblib\netbeans-eventspy.jar -Dfile.encoding=UTF-8 surefire:test"/>
    <property name="java.specification.vendor" value="Oracle Corporation"/>
    <property name="user.language" value="en"/>
    <property name="awt.toolkit" value="sun.awt.windows.WToolkit"/>
    <property name="java.vm.info" value="mixed mode"/>
    <property name="java.version" value="1.8.0_211"/>
    <property name="java.ext.dirs" value="C:\Program Files\java\jdk1.8.0_211\jre\lib\ext;C:\windows\Sun\Java\lib\ext"/>
    <property name="sun.boot.class.path" value="C:\Program Files\java\jdk1.8.0_211\jre\lib\resources.jar;C:\Program Files\java\jdk1.8.0_211\jre\lib\rt.jar;C:\Program Files\java\jdk1.8.0_211\jre\lib\sunrsasign.jar;C:\Program Files\java\jdk1.8.0_211\jre\lib\jsse.jar;C:\Program Files\java\jdk1.8.0_211\jre\lib\jce.jar;C:\Program Files\java\jdk1.8.0_211\jre\lib\charsets.jar;C:\Program Files\java\jdk1.8.0_211\jre\lib\jfr.jar;C:\Program Files\java\jdk1.8.0_211\jre\classes"/>
    <property name="java.vendor" value="Oracle Corporation"/>
    <property name="maven.home" value="C:\Program Files\apache-maven-3.6.3\bin\.."/>
    <property name="file.separator" value="\"/>
    <property name="java.vendor.url.bug" value="http://bugreport.sun.com/bugreport/"/>
    <property name="sun.cpu.endian" value="little"/>
    <property name="sun.io.unicode.encoding" value="UnicodeLittle"/>
    <property name="sun.desktop" value="windows"/>
    <property name="sun.cpu.isalist" value="amd64"/>
  </properties>
  <testcase classname="com.vishalkaushik.epamtask8.RemoveATest" name="com.vishalkaushik.epamtask8.RemoveATest.test1stChar" time="0.002">
    <failure type="java.lang.NullPointerException">java.lang.NullPointerException
	at com.vishalkaushik.epamtask8.RemoveATest.test1stChar(RemoveATest.java:29)
</failure>
  </testcase>
  <testcase classname="com.vishalkaushik.epamtask8.RemoveATest" name="com.vishalkaushik.epamtask8.RemoveATest.testNo1st2AChars" time="0">
    <failure type="java.lang.NullPointerException">java.lang.NullPointerException
	at com.vishalkaushik.epamtask8.RemoveATest.testNo1st2AChars(RemoveATest.java:44)
</failure>
  </testcase>
  <testcase classname="com.vishalkaushik.epamtask8.RemoveATest" name="com.vishalkaushik.epamtask8.RemoveATest.test1st2Chars" time="0">
    <failure type="java.lang.NullPointerException">java.lang.NullPointerException
	at com.vishalkaushik.epamtask8.RemoveATest.test1st2Chars(RemoveATest.java:34)
</failure>
  </testcase>
  <testcase classname="com.vishalkaushik.epamtask8.RemoveATest" name="com.vishalkaushik.epamtask8.RemoveATest.testChars" time="0">
    <failure type="java.lang.NullPointerException">java.lang.NullPointerException
	at com.vishalkaushik.epamtask8.RemoveATest.testChars(RemoveATest.java:49)
</failure>
  </testcase>
  <testcase classname="com.vishalkaushik.epamtask8.RemoveATest" name="com.vishalkaushik.epamtask8.RemoveATest.test2ndChar" time="0">
    <failure type="java.lang.NullPointerException">java.lang.NullPointerException
	at com.vishalkaushik.epamtask8.RemoveATest.test2ndChar(RemoveATest.java:39)
</failure>
  </testcase>
</testsuite>